TN:testBalanceCannotBecomeNegative
SF:%s%eBankAccount.php
DA:8,0
DA:13,0
DA:14,0
DA:15,0
DA:16,0
DA:18,0
DA:22,0
DA:24,0
DA:29,1
DA:31,0
LF:10
LH:5
FN:6,getBalance
FNDA:1,getBalance
FN:11,setBalance
FNDA:0,setBalance
FN:20,depositMoney
FNDA:1,depositMoney
FN:27,withdrawMoney
FNDA:1,withdrawMoney
FNF:4
FNH:3
BRDA:20,0,0,-
BRDA:6,0,0,-
BRDA:27,0,0,1
BRDA:34,0,0,-
BRDA:11,0,0,-
BRDA:14,0,5,-
BRDA:16,0,9,-
BRDA:18,0,13,-
BRF:7
BRH:3
end_of_record
TN:testBalanceCannotBecomeNegative2
SF:%s%eBankAccount.php
DA:8,0
DA:13,0
DA:14,0
DA:15,0
DA:16,0
DA:18,0
DA:22,1
DA:24,0
DA:29,0
DA:31,0
LF:10
LH:5
FN:6,getBalance
FNDA:1,getBalance
FN:11,setBalance
FNDA:0,setBalance
FN:20,depositMoney
FNDA:1,depositMoney
FN:27,withdrawMoney
FNDA:1,withdrawMoney
FNF:4
FNH:3
BRDA:20,0,0,1
BRDA:6,0,0,-
BRDA:27,0,0,-
BRDA:34,0,0,-
BRDA:11,0,0,-
BRDA:14,0,5,-
BRDA:16,0,9,-
BRDA:18,0,13,-
BRF:7
BRH:3
end_of_record
TN:testBalanceIsInitiallyZero
SF:%s%eBankAccount.php
DA:8,1
DA:13,0
DA:14,0
DA:15,0
DA:16,0
DA:18,0
DA:22,0
DA:24,0
DA:29,0
DA:31,0
LF:10
LH:5
FN:6,getBalance
FNDA:1,getBalance
FN:11,setBalance
FNDA:0,setBalance
FN:20,depositMoney
FNDA:1,depositMoney
FN:27,withdrawMoney
FNDA:1,withdrawMoney
FNF:4
FNH:3
BRDA:20,0,0,-
BRDA:6,0,0,1
BRDA:27,0,0,-
BRDA:34,0,0,-
BRDA:11,0,0,-
BRDA:14,0,5,-
BRDA:16,0,9,-
BRDA:18,0,13,-
BRF:7
BRH:3
end_of_record
TN:testDepositWithdrawMoney
SF:%s%eBankAccount.php
DA:8,1
DA:13,0
DA:14,0
DA:15,0
DA:16,0
DA:18,0
DA:22,1
DA:24,1
DA:29,1
DA:31,1
LF:10
LH:5
FN:6,getBalance
FNDA:1,getBalance
FN:11,setBalance
FNDA:0,setBalance
FN:20,depositMoney
FNDA:1,depositMoney
FN:27,withdrawMoney
FNDA:1,withdrawMoney
FNF:4
FNH:3
BRDA:20,0,0,1
BRDA:6,0,0,1
BRDA:27,0,0,1
BRDA:34,0,0,-
BRDA:11,0,0,-
BRDA:14,0,5,-
BRDA:16,0,9,-
BRDA:18,0,13,-
BRF:7
BRH:3
end_of_record
