<?xml version="1.0" encoding="UTF-8"?>
<!DOCTYPE coverage SYSTEM "http://cobertura.sourceforge.net/xml/coverage-04.dtd">
<coverage lines-valid="8" lines-covered="7" line-rate="0.875" branches-valid="0" branches-covered="0" branch-rate="0" timestamp="%s" complexity="1" version="0.1">
  <sources>
    <source>%s/tests/_files</source>
  </sources>
  <packages>
    <package name="anonymous" line-rate="0.875" branch-rate="0" complexity="1">
      <classes>
        <class name="CoveredClassWithAnonymousFunctionInStaticMethod" complexity="1" branch-rate="0" line-rate="0.875" filename="%ssource_with_class_and_anonymous_function.php">
          <methods>
            <method name="runAnonymous" signature="runAnonymous()" complexity="1" branch-rate="0" line-rate="0.875">
              <lines>
                <line number="7" hits="1"/>
                <line number="9" hits="1"/>
                <line number="10" hits="0"/>
                <line number="12" hits="1"/>
                <line number="13" hits="1"/>
                <line number="14" hits="1"/>
                <line number="17" hits="1"/>
              </lines>
            </method>
          </methods>
          <lines>
            <line number="7" hits="1"/>
            <line number="9" hits="1"/>
            <line number="10" hits="0"/>
            <line number="12" hits="1"/>
            <line number="13" hits="1"/>
            <line number="14" hits="1"/>
            <line number="17" hits="1"/>
          </lines>
        </class>
      </classes>
    </package>
  </packages>
</coverage>
