<?xml version="1.0" encoding="UTF-8"?>
<!DOCTYPE coverage SYSTEM "http://cobertura.sourceforge.net/xml/coverage-04.dtd">
<!--Cobertura coverage report generated by the PHP library "phpunit/php-code-coverage" on %s.-->
<coverage line-rate="1" branch-rate="0" lines-covered="1" lines-valid="1" branches-covered="0" branches-valid="0" complexity="2" version="0.4" timestamp="%i">
  <sources>
    <source>tests%e_files</source>
  </sources>
  <packages>
    <package name="Foo" line-rate="0" branch-rate="0" complexity="1">
      <classes>
        <class name="Foo" filename="tests%e_files%esource_with_ignore.php" line-rate="0" branch-rate="0" complexity="1">
          <methods/>
          <lines/>
        </class>
      </classes>
    </package>
    <package name="Bar" line-rate="0" branch-rate="0" complexity="1">
      <classes>
        <class name="Bar" filename="tests%e_files%esource_with_ignore.php" line-rate="0" branch-rate="0" complexity="1">
          <methods/>
          <lines/>
        </class>
      </classes>
    </package>
  </packages>
</coverage>
