<?xml version="1.0" encoding="UTF-8"?>
<coverage generated="%i">
  <project timestamp="%i">
    <file name="%s/source_with_ignore.php">
      <line num="2" type="stmt" count="1"/>
      <line num="6" type="stmt" count="0"/>
      <line num="7" type="stmt" count="1"/>
      <metrics loc="6" ncloc="2" classes="0" methods="0" coveredmethods="0" conditionals="0" coveredconditionals="0" statements="3" coveredstatements="2" elements="3" coveredelements="2"/>
    </file>
    <metrics files="1" loc="6" ncloc="2" classes="0" methods="0" coveredmethods="0" conditionals="0" coveredconditionals="0" statements="3" coveredstatements="2" elements="3" coveredelements="2"/>
  </project>
</coverage>
